<?xml version="1.0" encoding="UTF-8"?>
<!-- Generated by org.testng.reporters.JUnitReportReporter -->
<testsuite skipped="0" hostname="RES-32" name="automationFramework.TestNG" tests="1" failures="0" timestamp="01 Sep 2017 23:38:20 GMT" time="22.644" errors="0">
  <testcase name="main" time="22.644" classname="automationFramework.TestNG"/>
</testsuite> <!-- automationFramework.TestNG -->
